<?xml version="1.0" encoding="UTF-8"?>
<!-- Generated by org.testng.reporters.JUnitReportReporter -->
<testsuite hostname="WahidHPZ220" failures="0" tests="1" name="rest_api_test.RestAPI" time="2.544" errors="0" timestamp="2022-05-07T22:18:48 PDT" skipped="0">
  <testcase classname="rest_api_test.RestAPI" name="test_2" time="2.544"/>
  <system-out/>
</testsuite> <!-- rest_api_test.RestAPI -->
